<?xml version="1.0" encoding="UTF-8"?>
<!-- Generated by org.testng.reporters.JUnitReportReporter -->
<testsuite skipped="0" hostname="DESKTOP-TJ7LTTF" name="package2.Annotations2" tests="2" failures="0" timestamp="20 May 2021 08:55:22 GMT" time="0.014" errors="0">
  <testcase name="methodx" time="0.004" classname="package2.Annotations2"/>
  <testcase name="methodx" time="0.010" classname="package2.Annotations2"/>
</testsuite> <!-- package2.Annotations2 -->
