<?xml version="1.0" encoding="UTF-8"?>
<!-- Generated by org.testng.reporters.JUnitReportReporter -->
<testsuite skipped="0" hostname="DESKTOP-TJ7LTTF" name="testNGClasses.Annotations1" tests="1" failures="0" timestamp="20 May 2021 03:38:50 GMT" time="0.016" errors="0">
  <testcase name="method" time="0.016" classname="testNGClasses.Annotations1"/>
</testsuite> <!-- testNGClasses.Annotations1 -->
